<?xml version="1.0" encoding="UTF-8"?>
<!-- Generated by org.testng.reporters.JUnitReportReporter -->
<testsuite hostname="LIN-5CG136BSD2" failures="0" tests="1" name="stepdefinitions.BusProvider" time="14.206" errors="0" timestamp="2024-04-02T20:17:43 IST" skipped="0">
  <testcase classname="stepdefinitions.BusProvider" name="Program" time="14.206"/>
</testsuite> <!-- stepdefinitions.BusProvider -->
