<?xml version="1.0" encoding="UTF-8"?>
<!-- Generated by org.testng.reporters.JUnitReportReporter -->
<testsuite hostname="LIN-5CG136BSD2" failures="0" tests="5" name="Runner.Runnerclass" time="84.307" errors="0" timestamp="2024-04-02T19:46:46 IST" skipped="0">
  <testcase classname="Runner.Runnerclass" name="runScenario" time="18.272"/>
  <testcase classname="Runner.Runnerclass" name="runScenario" time="16.573"/>
  <testcase classname="Runner.Runnerclass" name="runScenario" time="16.054"/>
  <testcase classname="Runner.Runnerclass" name="runScenario" time="16.916"/>
  <testcase classname="Runner.Runnerclass" name="runScenario" time="16.492"/>
</testsuite> <!-- Runner.Runnerclass -->
